2026-04-11 11:53:44.436 | INFO     | tokenizer:__init__:39 | Loaded spaCy model: en_core_web_sm
2026-04-11 11:53:44.810 | DEBUG    | chunker:chunk_fixed:145 | Fixed chunking: 4 chunks from 34 words
2026-04-11 11:53:45.062 | DEBUG    | chunker:chunk_by_sentence:240 | Sentence chunking: 3 chunks from 8 sentences
2026-04-11 11:53:45.289 | DEBUG    | chunker:chunk_by_paragraph:330 | Paragraph chunking: 1 chunks from 3 paragraphs
2026-04-11 11:53:45.738 | DEBUG    | chunker:chunk_by_sentence:240 | Sentence chunking: 1 chunks from 8 sentences
2026-04-11 11:54:27.001 | INFO     | tokenizer:__init__:39 | Loaded spaCy model: en_core_web_sm
2026-04-11 11:54:27.717 | DEBUG    | chunker:chunk_fixed:145 | Fixed chunking: 4 chunks from 34 words
2026-04-11 11:54:28.187 | DEBUG    | chunker:chunk_by_sentence:240 | Sentence chunking: 3 chunks from 8 sentences
2026-04-11 11:54:28.573 | DEBUG    | chunker:chunk_by_paragraph:330 | Paragraph chunking: 1 chunks from 3 paragraphs
2026-04-11 11:54:29.329 | DEBUG    | chunker:chunk_by_sentence:240 | Sentence chunking: 1 chunks from 8 sentences
2026-04-11 11:55:23.855 | INFO     | indexer:build:81 | Built FAISS FlatIP index: 10 vectors, dim=384
2026-04-11 11:55:23.858 | INFO     | indexer:build:81 | Built FAISS FlatIP index: 2 vectors, dim=384
2026-04-11 11:55:23.859 | INFO     | indexer:build:81 | Built FAISS FlatIP index: 5 vectors, dim=384
2026-04-11 11:55:23.859 | INFO     | indexer:add:160 | Added 3 vectors to index (total: 8)
2026-04-11 11:57:10.590 | INFO     | embedder:__init__:43 | Loaded embedding model: sentence-transformers/all-MiniLM-L6-v2 (dim=384)
2026-04-11 11:57:11.078 | INFO     | indexer:build:81 | Built FAISS FlatIP index: 3 vectors, dim=384
2026-04-11 11:57:11.078 | INFO     | retriever:__init__:90 | Initialized HybridRetriever with 3 chunks
2026-04-11 11:57:16.849 | INFO     | embedder:__init__:43 | Loaded embedding model: sentence-transformers/all-MiniLM-L6-v2 (dim=384)
2026-04-11 11:57:17.588 | INFO     | indexer:build:81 | Built FAISS FlatIP index: 5 vectors, dim=384
2026-04-11 11:57:17.588 | INFO     | retriever:__init__:90 | Initialized HybridRetriever with 5 chunks
2026-04-11 11:57:23.168 | INFO     | embedder:__init__:43 | Loaded embedding model: sentence-transformers/all-MiniLM-L6-v2 (dim=384)
2026-04-11 11:57:23.460 | INFO     | indexer:build:81 | Built FAISS FlatIP index: 20 vectors, dim=384
2026-04-11 11:57:23.460 | INFO     | retriever:__init__:90 | Initialized HybridRetriever with 20 chunks
2026-04-11 11:57:23.460 | INFO     | retriever:retrieve:283 | Retrieving for query: 'What is NLP?...'
2026-04-11 11:57:23.911 | DEBUG    | retriever:retrieve:289 | Dense: 20 results, BM25: 20 results
2026-04-11 11:57:23.911 | DEBUG    | retriever:retrieve:295 | Fused: 10 candidates for re-ranking
2026-04-11 11:57:44.254 | INFO     | retriever:_get_reranker:102 | Loaded cross-encoder: cross-encoder/ms-marco-MiniLM-L-6-v2
2026-04-11 11:57:44.306 | INFO     | retriever:retrieve:300 | Retrieved 5 final passages
2026-04-11 11:58:45.218 | INFO     | document_loader:load_txt:120 | Loaded TXT: sample_nlp_notes.txt (6036 chars)
2026-04-11 11:58:45.219 | INFO     | document_loader:batch_load:211 | Batch loaded 1 document sections from 1 files
2026-04-11 11:58:45.219 | INFO     | pipeline:ingest_documents:159 | Loaded 1 document sections
2026-04-11 11:58:47.738 | DEBUG    | chunker:chunk_by_sentence:240 | Sentence chunking: 3 chunks from 46 sentences
2026-04-11 11:58:47.739 | INFO     | pipeline:ingest_documents:186 | Generated 3 chunks using 'sentence' strategy
2026-04-11 11:59:00.381 | INFO     | embedder:__init__:43 | Loaded embedding model: sentence-transformers/all-MiniLM-L6-v2 (dim=384)
2026-04-11 11:59:00.381 | INFO     | embedder:embed_and_cache:130 | Computing embeddings for 3 texts...
2026-04-11 11:59:00.589 | INFO     | embedder:embed_and_cache:136 | Saved embeddings cache to C:\Users\ABHINAV TEJA\Downloads\NLP\iqas\models\embeddings_cache\embeddings.npy
2026-04-11 11:59:00.589 | INFO     | pipeline:ingest_documents:212 | Computed embeddings: shape (3, 384)
2026-04-11 11:59:00.614 | INFO     | indexer:build:81 | Built FAISS FlatIP index: 3 vectors, dim=384
2026-04-11 11:59:00.615 | INFO     | indexer:save:188 | Saved FAISS index (3 vectors) to C:\Users\ABHINAV TEJA\Downloads\NLP\iqas\models\faiss_index\index.faiss
2026-04-11 11:59:00.617 | INFO     | retriever:__init__:90 | Initialized HybridRetriever with 3 chunks
2026-04-11 11:59:00.617 | INFO     | pipeline:ingest_documents:240 | Ingestion complete: 1 docs, 3 chunks in 15.41s
2026-04-11 11:59:00.618 | INFO     | retriever:retrieve:283 | Retrieving for query: 'What is tokenization?...'
2026-04-11 11:59:00.921 | DEBUG    | retriever:retrieve:289 | Dense: 3 results, BM25: 2 results
2026-04-11 11:59:00.922 | DEBUG    | retriever:retrieve:295 | Fused: 3 candidates for re-ranking
2026-04-11 11:59:08.917 | INFO     | retriever:_get_reranker:102 | Loaded cross-encoder: cross-encoder/ms-marco-MiniLM-L-6-v2
2026-04-11 11:59:09.190 | INFO     | retriever:retrieve:300 | Retrieved 3 final passages
2026-04-11 11:59:09.455 | INFO     | tokenizer:__init__:39 | Loaded spaCy model: en_core_web_sm
2026-04-11 11:59:09.455 | INFO     | answer_extractor:extract_answer:106 | Question type: DEFINE
2026-04-11 11:59:10.148 | INFO     | pipeline:ask:278 | Answer: confidence=0.714, source=sample_nlp_notes.txt, type=DEFINE
2026-04-11 11:59:10.151 | INFO     | document_loader:load_txt:120 | Loaded TXT: sample_nlp_notes.txt (6036 chars)
2026-04-11 11:59:10.151 | INFO     | document_loader:batch_load:211 | Batch loaded 1 document sections from 1 files
2026-04-11 11:59:10.151 | INFO     | pipeline:ingest_documents:159 | Loaded 1 document sections
2026-04-11 11:59:10.440 | DEBUG    | chunker:chunk_by_sentence:240 | Sentence chunking: 3 chunks from 46 sentences
2026-04-11 11:59:10.440 | INFO     | pipeline:ingest_documents:186 | Generated 3 chunks using 'sentence' strategy
2026-04-11 11:59:15.950 | INFO     | embedder:__init__:43 | Loaded embedding model: sentence-transformers/all-MiniLM-L6-v2 (dim=384)
2026-04-11 11:59:15.951 | INFO     | embedder:embed_and_cache:121 | Loaded cached embeddings from C:\Users\ABHINAV TEJA\Downloads\NLP\iqas\models\embeddings_cache\embeddings.npy
2026-04-11 11:59:15.952 | INFO     | pipeline:ingest_documents:212 | Computed embeddings: shape (3, 384)
2026-04-11 11:59:15.952 | INFO     | indexer:build:81 | Built FAISS FlatIP index: 3 vectors, dim=384
2026-04-11 11:59:15.954 | INFO     | indexer:save:188 | Saved FAISS index (3 vectors) to C:\Users\ABHINAV TEJA\Downloads\NLP\iqas\models\faiss_index\index.faiss
2026-04-11 11:59:15.955 | INFO     | retriever:__init__:90 | Initialized HybridRetriever with 3 chunks
2026-04-11 11:59:15.955 | INFO     | pipeline:ingest_documents:240 | Ingestion complete: 1 docs, 3 chunks in 5.81s
2026-04-11 11:59:15.956 | INFO     | retriever:retrieve:283 | Retrieving for query: 'What is NLP?...'
2026-04-11 11:59:16.568 | DEBUG    | retriever:retrieve:289 | Dense: 3 results, BM25: 2 results
2026-04-11 11:59:16.568 | DEBUG    | retriever:retrieve:295 | Fused: 3 candidates for re-ranking
2026-04-11 11:59:24.832 | INFO     | retriever:_get_reranker:102 | Loaded cross-encoder: cross-encoder/ms-marco-MiniLM-L-6-v2
2026-04-11 11:59:25.089 | INFO     | retriever:retrieve:300 | Retrieved 3 final passages
2026-04-11 11:59:25.089 | INFO     | answer_extractor:extract_answer:106 | Question type: DEFINE
2026-04-11 11:59:25.760 | INFO     | pipeline:ask:278 | Answer: confidence=0.988, source=sample_nlp_notes.txt, type=DEFINE
2026-04-11 11:59:25.763 | INFO     | document_loader:load_txt:120 | Loaded TXT: sample_nlp_notes.txt (6036 chars)
2026-04-11 11:59:25.763 | INFO     | document_loader:batch_load:211 | Batch loaded 1 document sections from 1 files
2026-04-11 11:59:25.763 | INFO     | pipeline:ingest_documents:159 | Loaded 1 document sections
2026-04-11 11:59:26.092 | DEBUG    | chunker:chunk_by_sentence:240 | Sentence chunking: 3 chunks from 46 sentences
2026-04-11 11:59:26.092 | INFO     | pipeline:ingest_documents:186 | Generated 3 chunks using 'sentence' strategy
2026-04-11 11:59:31.645 | INFO     | embedder:__init__:43 | Loaded embedding model: sentence-transformers/all-MiniLM-L6-v2 (dim=384)
2026-04-11 11:59:31.646 | INFO     | embedder:embed_and_cache:121 | Loaded cached embeddings from C:\Users\ABHINAV TEJA\Downloads\NLP\iqas\models\embeddings_cache\embeddings.npy
2026-04-11 11:59:31.646 | INFO     | pipeline:ingest_documents:212 | Computed embeddings: shape (3, 384)
2026-04-11 11:59:31.647 | INFO     | indexer:build:81 | Built FAISS FlatIP index: 3 vectors, dim=384
2026-04-11 11:59:31.648 | INFO     | indexer:save:188 | Saved FAISS index (3 vectors) to C:\Users\ABHINAV TEJA\Downloads\NLP\iqas\models\faiss_index\index.faiss
2026-04-11 11:59:31.649 | INFO     | retriever:__init__:90 | Initialized HybridRetriever with 3 chunks
2026-04-11 11:59:31.649 | INFO     | pipeline:ingest_documents:240 | Ingestion complete: 1 docs, 3 chunks in 5.89s
2026-04-11 11:59:31.650 | INFO     | retriever:retrieve:283 | Retrieving for query: 'Who developed Word2Vec?...'
2026-04-11 11:59:32.282 | DEBUG    | retriever:retrieve:289 | Dense: 3 results, BM25: 1 results
2026-04-11 11:59:32.282 | DEBUG    | retriever:retrieve:295 | Fused: 3 candidates for re-ranking
2026-04-11 11:59:40.421 | INFO     | retriever:_get_reranker:102 | Loaded cross-encoder: cross-encoder/ms-marco-MiniLM-L-6-v2
2026-04-11 11:59:40.691 | INFO     | retriever:retrieve:300 | Retrieved 3 final passages
2026-04-11 11:59:40.691 | INFO     | answer_extractor:extract_answer:106 | Question type: WHO
2026-04-11 11:59:41.231 | INFO     | pipeline:ask:278 | Answer: confidence=0.939, source=sample_nlp_notes.txt, type=WHO
2026-04-11 11:59:41.235 | INFO     | document_loader:load_txt:120 | Loaded TXT: sample_nlp_notes.txt (6036 chars)
2026-04-11 11:59:41.236 | INFO     | document_loader:batch_load:211 | Batch loaded 1 document sections from 1 files
2026-04-11 11:59:41.236 | INFO     | pipeline:ingest_documents:159 | Loaded 1 document sections
2026-04-11 11:59:41.586 | DEBUG    | chunker:chunk_by_sentence:240 | Sentence chunking: 3 chunks from 46 sentences
2026-04-11 11:59:41.586 | INFO     | pipeline:ingest_documents:186 | Generated 3 chunks using 'sentence' strategy
2026-04-11 11:59:47.126 | INFO     | embedder:__init__:43 | Loaded embedding model: sentence-transformers/all-MiniLM-L6-v2 (dim=384)
2026-04-11 11:59:47.126 | INFO     | embedder:embed_and_cache:121 | Loaded cached embeddings from C:\Users\ABHINAV TEJA\Downloads\NLP\iqas\models\embeddings_cache\embeddings.npy
2026-04-11 11:59:47.126 | INFO     | pipeline:ingest_documents:212 | Computed embeddings: shape (3, 384)
2026-04-11 11:59:47.127 | INFO     | indexer:build:81 | Built FAISS FlatIP index: 3 vectors, dim=384
2026-04-11 11:59:47.128 | INFO     | indexer:save:188 | Saved FAISS index (3 vectors) to C:\Users\ABHINAV TEJA\Downloads\NLP\iqas\models\faiss_index\index.faiss
2026-04-11 11:59:47.128 | INFO     | retriever:__init__:90 | Initialized HybridRetriever with 3 chunks
2026-04-11 11:59:47.128 | INFO     | pipeline:ingest_documents:240 | Ingestion complete: 1 docs, 3 chunks in 5.89s
2026-04-11 11:59:47.129 | INFO     | retriever:retrieve:283 | Retrieving for query: 'Who developed Word2Vec?...'
2026-04-11 11:59:47.765 | DEBUG    | retriever:retrieve:289 | Dense: 3 results, BM25: 1 results
2026-04-11 11:59:47.766 | DEBUG    | retriever:retrieve:295 | Fused: 3 candidates for re-ranking
2026-04-11 11:59:55.851 | INFO     | retriever:_get_reranker:102 | Loaded cross-encoder: cross-encoder/ms-marco-MiniLM-L-6-v2
2026-04-11 11:59:56.118 | INFO     | retriever:retrieve:300 | Retrieved 3 final passages
2026-04-11 11:59:56.118 | INFO     | answer_extractor:extract_answer:106 | Question type: WHO
2026-04-11 11:59:56.671 | INFO     | pipeline:ask:278 | Answer: confidence=0.939, source=sample_nlp_notes.txt, type=WHO
2026-04-11 11:59:56.671 | INFO     | retriever:retrieve:283 | Retrieving for query: 'What is NER?...'
2026-04-11 11:59:56.701 | DEBUG    | retriever:retrieve:289 | Dense: 3 results, BM25: 2 results
2026-04-11 11:59:56.701 | DEBUG    | retriever:retrieve:295 | Fused: 3 candidates for re-ranking
2026-04-11 11:59:56.859 | INFO     | retriever:retrieve:300 | Retrieved 3 final passages
2026-04-11 11:59:56.860 | INFO     | answer_extractor:extract_answer:106 | Question type: DEFINE
2026-04-11 11:59:57.045 | INFO     | pipeline:ask:278 | Answer: confidence=0.981, source=sample_nlp_notes.txt, type=DEFINE
2026-04-11 11:59:57.048 | INFO     | document_loader:load_txt:120 | Loaded TXT: sample_nlp_notes.txt (6036 chars)
2026-04-11 11:59:57.048 | INFO     | document_loader:batch_load:211 | Batch loaded 1 document sections from 1 files
2026-04-11 11:59:57.048 | INFO     | pipeline:ingest_documents:159 | Loaded 1 document sections
2026-04-11 11:59:57.379 | DEBUG    | chunker:chunk_by_sentence:240 | Sentence chunking: 3 chunks from 46 sentences
2026-04-11 11:59:57.380 | INFO     | pipeline:ingest_documents:186 | Generated 3 chunks using 'sentence' strategy
2026-04-11 12:00:02.998 | INFO     | embedder:__init__:43 | Loaded embedding model: sentence-transformers/all-MiniLM-L6-v2 (dim=384)
2026-04-11 12:00:02.999 | INFO     | embedder:embed_and_cache:121 | Loaded cached embeddings from C:\Users\ABHINAV TEJA\Downloads\NLP\iqas\models\embeddings_cache\embeddings.npy
2026-04-11 12:00:03.000 | INFO     | pipeline:ingest_documents:212 | Computed embeddings: shape (3, 384)
2026-04-11 12:00:03.000 | INFO     | indexer:build:81 | Built FAISS FlatIP index: 3 vectors, dim=384
2026-04-11 12:00:03.003 | INFO     | indexer:save:188 | Saved FAISS index (3 vectors) to C:\Users\ABHINAV TEJA\Downloads\NLP\iqas\models\faiss_index\index.faiss
2026-04-11 12:00:03.004 | INFO     | retriever:__init__:90 | Initialized HybridRetriever with 3 chunks
2026-04-11 12:00:03.005 | INFO     | pipeline:ingest_documents:240 | Ingestion complete: 1 docs, 3 chunks in 5.96s
2026-04-11 12:00:03.008 | INFO     | document_loader:load_txt:120 | Loaded TXT: sample_nlp_notes.txt (6036 chars)
2026-04-11 12:00:03.009 | INFO     | document_loader:batch_load:211 | Batch loaded 1 document sections from 1 files
2026-04-11 12:00:03.009 | INFO     | pipeline:ingest_documents:159 | Loaded 1 document sections
2026-04-11 12:00:03.314 | DEBUG    | chunker:chunk_by_sentence:240 | Sentence chunking: 3 chunks from 46 sentences
2026-04-11 12:00:03.314 | INFO     | pipeline:ingest_documents:186 | Generated 3 chunks using 'sentence' strategy
2026-04-11 12:00:08.867 | INFO     | embedder:__init__:43 | Loaded embedding model: sentence-transformers/all-MiniLM-L6-v2 (dim=384)
2026-04-11 12:00:08.868 | INFO     | embedder:embed_and_cache:121 | Loaded cached embeddings from C:\Users\ABHINAV TEJA\Downloads\NLP\iqas\models\embeddings_cache\embeddings.npy
2026-04-11 12:00:08.869 | INFO     | pipeline:ingest_documents:212 | Computed embeddings: shape (3, 384)
2026-04-11 12:00:08.869 | INFO     | indexer:build:81 | Built FAISS FlatIP index: 3 vectors, dim=384
2026-04-11 12:00:08.872 | INFO     | indexer:save:188 | Saved FAISS index (3 vectors) to C:\Users\ABHINAV TEJA\Downloads\NLP\iqas\models\faiss_index\index.faiss
2026-04-11 12:00:08.874 | INFO     | retriever:__init__:90 | Initialized HybridRetriever with 3 chunks
2026-04-11 12:00:08.874 | INFO     | pipeline:ingest_documents:240 | Ingestion complete: 1 docs, 3 chunks in 5.87s
2026-04-11 12:00:09.206 | DEBUG    | chunker:chunk_fixed:145 | Fixed chunking: 4 chunks from 34 words
2026-04-11 12:00:09.501 | DEBUG    | chunker:chunk_by_sentence:240 | Sentence chunking: 3 chunks from 8 sentences
2026-04-11 12:00:09.730 | DEBUG    | chunker:chunk_by_paragraph:330 | Paragraph chunking: 1 chunks from 3 paragraphs
2026-04-11 12:00:10.515 | DEBUG    | chunker:chunk_by_sentence:240 | Sentence chunking: 1 chunks from 8 sentences
2026-04-11 12:00:10.517 | INFO     | indexer:build:81 | Built FAISS FlatIP index: 10 vectors, dim=384
2026-04-11 12:00:10.518 | INFO     | indexer:build:81 | Built FAISS FlatIP index: 2 vectors, dim=384
2026-04-11 12:00:10.520 | INFO     | indexer:build:81 | Built FAISS FlatIP index: 5 vectors, dim=384
2026-04-11 12:00:10.521 | INFO     | indexer:add:160 | Added 3 vectors to index (total: 8)
2026-04-11 12:00:16.041 | INFO     | embedder:__init__:43 | Loaded embedding model: sentence-transformers/all-MiniLM-L6-v2 (dim=384)
2026-04-11 12:00:16.654 | INFO     | indexer:build:81 | Built FAISS FlatIP index: 3 vectors, dim=384
2026-04-11 12:00:16.654 | INFO     | retriever:__init__:90 | Initialized HybridRetriever with 3 chunks
2026-04-11 12:00:22.112 | INFO     | embedder:__init__:43 | Loaded embedding model: sentence-transformers/all-MiniLM-L6-v2 (dim=384)
2026-04-11 12:00:22.601 | INFO     | indexer:build:81 | Built FAISS FlatIP index: 5 vectors, dim=384
2026-04-11 12:00:22.601 | INFO     | retriever:__init__:90 | Initialized HybridRetriever with 5 chunks
2026-04-11 12:00:28.174 | INFO     | embedder:__init__:43 | Loaded embedding model: sentence-transformers/all-MiniLM-L6-v2 (dim=384)
2026-04-11 12:00:28.281 | INFO     | indexer:build:81 | Built FAISS FlatIP index: 20 vectors, dim=384
2026-04-11 12:00:28.281 | INFO     | retriever:__init__:90 | Initialized HybridRetriever with 20 chunks
2026-04-11 12:00:28.282 | INFO     | retriever:retrieve:283 | Retrieving for query: 'What is NLP?...'
2026-04-11 12:00:28.723 | DEBUG    | retriever:retrieve:289 | Dense: 20 results, BM25: 20 results
2026-04-11 12:00:28.724 | DEBUG    | retriever:retrieve:295 | Fused: 10 candidates for re-ranking
2026-04-11 12:00:36.763 | INFO     | retriever:_get_reranker:102 | Loaded cross-encoder: cross-encoder/ms-marco-MiniLM-L-6-v2
2026-04-11 12:00:36.857 | INFO     | retriever:retrieve:300 | Retrieved 5 final passages
2026-04-11 12:02:32.119 | INFO     | indexer:load:217 | Loaded FAISS index: 3 vectors from C:\Users\ABHINAV TEJA\Downloads\NLP\iqas\models\faiss_index\index.faiss
2026-04-11 12:02:54.292 | INFO     | embedder:__init__:43 | Loaded embedding model: sentence-transformers/all-MiniLM-L6-v2 (dim=384)
2026-04-11 12:02:54.293 | INFO     | retriever:__init__:90 | Initialized HybridRetriever with 3 chunks
2026-04-11 12:02:54.293 | INFO     | pipeline:load_index:303 | Loaded index with 3 chunks
2026-04-11 12:03:10.096 | INFO     | indexer:load:217 | Loaded FAISS index: 3 vectors from C:\Users\ABHINAV TEJA\Downloads\NLP\iqas\models\faiss_index\index.faiss
2026-04-11 12:03:15.976 | INFO     | embedder:__init__:43 | Loaded embedding model: sentence-transformers/all-MiniLM-L6-v2 (dim=384)
2026-04-11 12:03:15.977 | INFO     | retriever:__init__:90 | Initialized HybridRetriever with 3 chunks
2026-04-11 12:03:15.977 | INFO     | pipeline:load_index:303 | Loaded index with 3 chunks
2026-04-12 10:55:40.495 | INFO     | indexer:load:217 | Loaded FAISS index: 3 vectors from C:\Users\ABHINAV TEJA\Downloads\NLP\iqas\models\faiss_index\index.faiss
2026-04-12 10:56:19.553 | INFO     | indexer:load:217 | Loaded FAISS index: 3 vectors from C:\Users\ABHINAV TEJA\Downloads\NLP\iqas\models\faiss_index\index.faiss
2026-04-12 10:57:36.223 | INFO     | embedder:__init__:43 | Loaded embedding model: sentence-transformers/all-MiniLM-L6-v2 (dim=384)
2026-04-12 10:57:36.224 | INFO     | retriever:__init__:90 | Initialized HybridRetriever with 3 chunks
2026-04-12 10:57:36.224 | INFO     | pipeline:load_index:303 | Loaded index with 3 chunks
2026-04-12 10:57:36.495 | INFO     | embedder:__init__:43 | Loaded embedding model: sentence-transformers/all-MiniLM-L6-v2 (dim=384)
2026-04-12 10:57:36.496 | INFO     | retriever:__init__:90 | Initialized HybridRetriever with 3 chunks
2026-04-12 10:57:36.497 | INFO     | pipeline:load_index:303 | Loaded index with 3 chunks
2026-04-12 10:58:33.602 | INFO     | document_loader:load_txt:120 | Loaded TXT: sample_nlp_notes.txt (6036 chars)
2026-04-12 10:58:33.603 | INFO     | document_loader:batch_load:211 | Batch loaded 1 document sections from 1 files
2026-04-12 10:58:33.603 | INFO     | pipeline:ingest_documents:159 | Loaded 1 document sections
2026-04-12 10:58:43.794 | DEBUG    | chunker:chunk_by_sentence:240 | Sentence chunking: 3 chunks from 46 sentences
2026-04-12 10:58:43.795 | INFO     | pipeline:ingest_documents:186 | Generated 3 chunks using 'sentence' strategy
2026-04-12 10:58:43.817 | INFO     | embedder:embed_and_cache:121 | Loaded cached embeddings from C:\Users\ABHINAV TEJA\Downloads\NLP\iqas\models\embeddings_cache\embeddings.npy
2026-04-12 10:58:43.818 | INFO     | pipeline:ingest_documents:212 | Computed embeddings: shape (3, 384)
2026-04-12 10:58:43.819 | INFO     | indexer:build:81 | Built FAISS FlatIP index: 3 vectors, dim=384
2026-04-12 10:58:43.822 | INFO     | indexer:save:188 | Saved FAISS index (3 vectors) to C:\Users\ABHINAV TEJA\Downloads\NLP\iqas\models\faiss_index\index.faiss
2026-04-12 10:58:43.823 | INFO     | retriever:__init__:90 | Initialized HybridRetriever with 3 chunks
2026-04-12 10:58:43.825 | INFO     | pipeline:ingest_documents:240 | Ingestion complete: 1 docs, 3 chunks in 10.24s
2026-04-12 11:01:26.848 | INFO     | retriever:retrieve:283 | Retrieving for query: 'What is tokenization?...'
2026-04-12 11:01:27.129 | DEBUG    | retriever:retrieve:289 | Dense: 3 results, BM25: 2 results
2026-04-12 11:01:27.129 | DEBUG    | retriever:retrieve:295 | Fused: 3 candidates for re-ranking
2026-04-12 11:01:35.413 | INFO     | retriever:_get_reranker:102 | Loaded cross-encoder: cross-encoder/ms-marco-MiniLM-L-6-v2
2026-04-12 11:01:35.939 | INFO     | retriever:retrieve:300 | Retrieved 3 final passages
2026-04-12 11:01:36.426 | INFO     | tokenizer:__init__:39 | Loaded spaCy model: en_core_web_sm
2026-04-12 11:01:36.427 | INFO     | answer_extractor:extract_answer:106 | Question type: DEFINE
2026-04-12 11:01:37.152 | INFO     | pipeline:ask:278 | Answer: confidence=0.714, source=sample_nlp_notes.txt, type=DEFINE
2026-04-12 11:02:38.632 | INFO     | indexer:load:217 | Loaded FAISS index: 3 vectors from C:\Users\ABHINAV TEJA\Downloads\NLP\iqas\models\faiss_index\index.faiss
2026-04-12 11:02:44.422 | INFO     | embedder:__init__:43 | Loaded embedding model: sentence-transformers/all-MiniLM-L6-v2 (dim=384)
2026-04-12 11:02:44.423 | INFO     | retriever:__init__:90 | Initialized HybridRetriever with 3 chunks
2026-04-12 11:02:44.424 | INFO     | pipeline:load_index:303 | Loaded index with 3 chunks
2026-04-12 11:04:52.848 | INFO     | indexer:load:217 | Loaded FAISS index: 3 vectors from C:\Users\ABHINAV TEJA\Downloads\NLP\iqas\models\faiss_index\index.faiss
2026-04-12 11:05:05.923 | INFO     | embedder:__init__:43 | Loaded embedding model: sentence-transformers/all-MiniLM-L6-v2 (dim=384)
2026-04-12 11:05:05.924 | INFO     | retriever:__init__:90 | Initialized HybridRetriever with 3 chunks
2026-04-12 11:05:05.925 | INFO     | pipeline:load_index:303 | Loaded index with 3 chunks
2026-04-12 11:06:28.101 | INFO     | indexer:load:217 | Loaded FAISS index: 3 vectors from C:\Users\ABHINAV TEJA\Downloads\NLP\iqas\models\faiss_index\index.faiss
2026-04-12 11:06:41.196 | INFO     | embedder:__init__:43 | Loaded embedding model: sentence-transformers/all-MiniLM-L6-v2 (dim=384)
2026-04-12 11:06:41.198 | INFO     | retriever:__init__:90 | Initialized HybridRetriever with 3 chunks
2026-04-12 11:06:41.198 | INFO     | pipeline:load_index:303 | Loaded index with 3 chunks
2026-04-12 11:08:17.994 | INFO     | indexer:load:217 | Loaded FAISS index: 3 vectors from C:\Users\ABHINAV TEJA\Downloads\NLP\iqas\models\faiss_index\index.faiss
2026-04-12 11:08:31.239 | INFO     | embedder:__init__:43 | Loaded embedding model: sentence-transformers/all-MiniLM-L6-v2 (dim=384)
2026-04-12 11:08:31.241 | INFO     | retriever:__init__:90 | Initialized HybridRetriever with 3 chunks
2026-04-12 11:08:31.243 | INFO     | pipeline:load_index:303 | Loaded index with 3 chunks
2026-04-12 11:08:58.902 | INFO     | retriever:retrieve:283 | Retrieving for query: 'what is NLP...'
2026-04-12 11:08:59.148 | DEBUG    | retriever:retrieve:289 | Dense: 3 results, BM25: 2 results
2026-04-12 11:08:59.149 | DEBUG    | retriever:retrieve:295 | Fused: 3 candidates for re-ranking
2026-04-12 11:09:07.302 | INFO     | retriever:_get_reranker:102 | Loaded cross-encoder: cross-encoder/ms-marco-MiniLM-L-6-v2
2026-04-12 11:09:08.047 | INFO     | retriever:retrieve:300 | Retrieved 3 final passages
2026-04-12 11:09:09.290 | INFO     | tokenizer:__init__:39 | Loaded spaCy model: en_core_web_sm
2026-04-12 11:09:09.291 | INFO     | answer_extractor:extract_answer:106 | Question type: DEFINE
2026-04-12 11:09:10.539 | INFO     | pipeline:ask:278 | Answer: confidence=0.995, source=sample_nlp_notes.txt, type=DEFINE
2026-04-12 11:09:56.142 | INFO     | document_loader:load_pdf:88 | Loaded PDF: I_3_Group (4).pdf (8 pages, 8 with text)
2026-04-12 11:09:56.178 | INFO     | document_loader:load_pdf:88 | Loaded PDF: I_3_Group (4).pdf (8 pages, 8 with text)
2026-04-12 11:10:06.468 | INFO     | document_loader:load_pdf:88 | Loaded PDF: I_3_Group (4).pdf (8 pages, 8 with text)
2026-04-12 11:10:06.690 | INFO     | document_loader:load_pdf:88 | Loaded PDF: I_3_Group (4).pdf (8 pages, 8 with text)
2026-04-12 11:10:08.419 | INFO     | document_loader:load_pdf:88 | Loaded PDF: I_3_Group (4).pdf (8 pages, 8 with text)
2026-04-12 11:10:08.452 | INFO     | document_loader:load_pdf:88 | Loaded PDF: I_3_Group (4).pdf (8 pages, 8 with text)
2026-04-12 11:10:08.631 | INFO     | document_loader:load_pdf:88 | Loaded PDF: I_3_Group (4).pdf (8 pages, 8 with text)
2026-04-12 11:10:08.632 | INFO     | document_loader:batch_load:211 | Batch loaded 8 document sections from 1 files
2026-04-12 11:10:08.632 | INFO     | pipeline:ingest_documents:159 | Loaded 8 document sections
2026-04-12 11:10:08.914 | DEBUG    | chunker:chunk_fixed:145 | Fixed chunking: 2 chunks from 691 words
2026-04-12 11:10:08.915 | DEBUG    | chunker:chunk_fixed:145 | Fixed chunking: 1 chunks from 437 words
2026-04-12 11:10:08.915 | DEBUG    | chunker:chunk_fixed:145 | Fixed chunking: 1 chunks from 272 words
2026-04-12 11:10:08.915 | DEBUG    | chunker:chunk_fixed:145 | Fixed chunking: 1 chunks from 238 words
2026-04-12 11:10:08.916 | DEBUG    | chunker:chunk_fixed:145 | Fixed chunking: 1 chunks from 347 words
2026-04-12 11:10:08.916 | DEBUG    | chunker:chunk_fixed:145 | Fixed chunking: 1 chunks from 248 words
2026-04-12 11:10:08.916 | DEBUG    | chunker:chunk_fixed:145 | Fixed chunking: 1 chunks from 503 words
2026-04-12 11:10:08.916 | DEBUG    | chunker:chunk_fixed:145 | Fixed chunking: 2 chunks from 781 words
2026-04-12 11:10:08.916 | INFO     | pipeline:ingest_documents:186 | Generated 10 chunks using 'fixed' strategy
2026-04-12 11:10:08.919 | WARNING  | embedder:embed_and_cache:124 | Cache size mismatch (3 vs 10) — recomputing
2026-04-12 11:10:08.920 | INFO     | embedder:embed_and_cache:130 | Computing embeddings for 10 texts...
2026-04-12 11:10:10.036 | INFO     | embedder:embed_and_cache:136 | Saved embeddings cache to C:\Users\ABHINAV TEJA\Downloads\NLP\iqas\models\embeddings_cache\embeddings.npy
2026-04-12 11:10:10.036 | INFO     | pipeline:ingest_documents:212 | Computed embeddings: shape (10, 384)
2026-04-12 11:10:10.038 | INFO     | indexer:build:81 | Built FAISS FlatIP index: 10 vectors, dim=384
2026-04-12 11:10:10.039 | INFO     | indexer:save:188 | Saved FAISS index (10 vectors) to C:\Users\ABHINAV TEJA\Downloads\NLP\iqas\models\faiss_index\index.faiss
2026-04-12 11:10:10.048 | INFO     | retriever:__init__:90 | Initialized HybridRetriever with 10 chunks
2026-04-12 11:10:10.056 | INFO     | pipeline:ingest_documents:240 | Ingestion complete: 1 docs, 10 chunks in 1.45s
2026-04-12 11:10:30.682 | INFO     | document_loader:load_pdf:88 | Loaded PDF: I_3_Group (4).pdf (8 pages, 8 with text)
2026-04-12 11:10:30.726 | INFO     | document_loader:load_pdf:88 | Loaded PDF: I_3_Group (4).pdf (8 pages, 8 with text)
2026-04-12 11:10:33.256 | INFO     | document_loader:load_pdf:88 | Loaded PDF: I_3_Group (4).pdf (8 pages, 8 with text)
2026-04-12 11:10:33.328 | INFO     | document_loader:load_pdf:88 | Loaded PDF: I_3_Group (4).pdf (8 pages, 8 with text)
2026-04-12 11:10:33.571 | INFO     | document_loader:load_pdf:88 | Loaded PDF: I_3_Group (4).pdf (8 pages, 8 with text)
2026-04-12 11:10:33.577 | INFO     | document_loader:batch_load:211 | Batch loaded 8 document sections from 1 files
2026-04-12 11:10:33.578 | INFO     | pipeline:ingest_documents:159 | Loaded 8 document sections
2026-04-12 11:10:33.729 | DEBUG    | chunker:chunk_by_sentence:240 | Sentence chunking: 2 chunks from 38 sentences
2026-04-12 11:10:33.826 | DEBUG    | chunker:chunk_by_sentence:240 | Sentence chunking: 2 chunks from 23 sentences
2026-04-12 11:10:33.885 | DEBUG    | chunker:chunk_by_sentence:240 | Sentence chunking: 1 chunks from 10 sentences
2026-04-12 11:10:33.933 | DEBUG    | chunker:chunk_by_sentence:240 | Sentence chunking: 1 chunks from 12 sentences
2026-04-12 11:10:33.988 | DEBUG    | chunker:chunk_by_sentence:240 | Sentence chunking: 1 chunks from 14 sentences
2026-04-12 11:10:34.020 | DEBUG    | chunker:chunk_by_sentence:240 | Sentence chunking: 1 chunks from 14 sentences
2026-04-12 11:10:34.097 | DEBUG    | chunker:chunk_by_sentence:240 | Sentence chunking: 2 chunks from 23 sentences
2026-04-12 11:10:34.212 | DEBUG    | chunker:chunk_by_sentence:240 | Sentence chunking: 2 chunks from 63 sentences
2026-04-12 11:10:34.212 | INFO     | pipeline:ingest_documents:186 | Generated 12 chunks using 'sentence' strategy
2026-04-12 11:10:34.225 | WARNING  | embedder:embed_and_cache:124 | Cache size mismatch (10 vs 12) — recomputing
2026-04-12 11:10:34.225 | INFO     | embedder:embed_and_cache:130 | Computing embeddings for 12 texts...
2026-04-12 11:10:34.675 | INFO     | embedder:embed_and_cache:136 | Saved embeddings cache to C:\Users\ABHINAV TEJA\Downloads\NLP\iqas\models\embeddings_cache\embeddings.npy
2026-04-12 11:10:34.675 | INFO     | pipeline:ingest_documents:212 | Computed embeddings: shape (12, 384)
2026-04-12 11:10:34.676 | INFO     | indexer:build:81 | Built FAISS FlatIP index: 12 vectors, dim=384
2026-04-12 11:10:34.679 | INFO     | indexer:save:188 | Saved FAISS index (12 vectors) to C:\Users\ABHINAV TEJA\Downloads\NLP\iqas\models\faiss_index\index.faiss
2026-04-12 11:10:34.682 | INFO     | retriever:__init__:90 | Initialized HybridRetriever with 12 chunks
2026-04-12 11:10:34.684 | INFO     | pipeline:ingest_documents:240 | Ingestion complete: 1 docs, 12 chunks in 1.17s
2026-04-12 23:40:00.634 | INFO     | indexer:load:217 | Loaded FAISS index: 12 vectors from C:\Users\ABHINAV TEJA\Downloads\NLP\iqas\models\faiss_index\index.faiss
2026-04-12 23:40:17.996 | INFO     | indexer:load:217 | Loaded FAISS index: 12 vectors from C:\Users\ABHINAV TEJA\Downloads\NLP\iqas\models\faiss_index\index.faiss
2026-04-12 23:42:19.726 | INFO     | embedder:__init__:43 | Loaded embedding model: sentence-transformers/all-MiniLM-L6-v2 (dim=384)
2026-04-12 23:42:19.730 | INFO     | retriever:__init__:90 | Initialized HybridRetriever with 12 chunks
2026-04-12 23:42:19.726 | INFO     | embedder:__init__:43 | Loaded embedding model: sentence-transformers/all-MiniLM-L6-v2 (dim=384)
2026-04-12 23:42:19.734 | INFO     | retriever:__init__:90 | Initialized HybridRetriever with 12 chunks
2026-04-12 23:42:19.731 | INFO     | pipeline:load_index:303 | Loaded index with 12 chunks
2026-04-12 23:42:19.739 | INFO     | pipeline:load_index:303 | Loaded index with 12 chunks
2026-04-12 23:43:00.130 | INFO     | retriever:retrieve:283 | Retrieving for query: 'what is SVIES...'
2026-04-12 23:43:00.517 | DEBUG    | retriever:retrieve:289 | Dense: 12 results, BM25: 11 results
2026-04-12 23:43:00.518 | DEBUG    | retriever:retrieve:295 | Fused: 10 candidates for re-ranking
2026-04-12 23:43:11.266 | INFO     | retriever:_get_reranker:102 | Loaded cross-encoder: cross-encoder/ms-marco-MiniLM-L-6-v2
2026-04-12 23:43:12.191 | INFO     | retriever:retrieve:300 | Retrieved 5 final passages
2026-04-12 23:43:22.736 | INFO     | tokenizer:__init__:39 | Loaded spaCy model: en_core_web_sm
2026-04-12 23:43:22.737 | INFO     | answer_extractor:extract_answer:106 | Question type: DEFINE
2026-04-12 23:43:24.006 | INFO     | pipeline:ask:278 | Answer: confidence=0.998, source=I_3_Group (4).pdf, type=DEFINE
2026-04-12 23:45:18.902 | INFO     | indexer:load:217 | Loaded FAISS index: 12 vectors from C:\Users\ABHINAV TEJA\Downloads\NLP\iqas\models\faiss_index\index.faiss
2026-04-12 23:45:32.905 | INFO     | embedder:__init__:43 | Loaded embedding model: sentence-transformers/all-MiniLM-L6-v2 (dim=384)
2026-04-12 23:45:32.975 | INFO     | retriever:__init__:90 | Initialized HybridRetriever with 12 chunks
2026-04-12 23:45:32.976 | INFO     | pipeline:load_index:303 | Loaded index with 12 chunks
2026-04-12 23:46:38.950 | INFO     | indexer:load:217 | Loaded FAISS index: 12 vectors from C:\Users\ABHINAV TEJA\Downloads\NLP\iqas\models\faiss_index\index.faiss
2026-04-12 23:46:52.777 | INFO     | embedder:__init__:43 | Loaded embedding model: sentence-transformers/all-MiniLM-L6-v2 (dim=384)
2026-04-12 23:46:52.781 | INFO     | retriever:__init__:90 | Initialized HybridRetriever with 12 chunks
2026-04-12 23:46:52.782 | INFO     | pipeline:load_index:303 | Loaded index with 12 chunks
2026-04-21 13:51:40.914 | INFO     | indexer:load:217 | Loaded FAISS index: 12 vectors from C:\Users\turvi\Downloads\NLP\iqas\models\faiss_index\index.faiss
2026-04-21 13:52:08.844 | INFO     | indexer:load:217 | Loaded FAISS index: 12 vectors from C:\Users\turvi\Downloads\NLP\iqas\models\faiss_index\index.faiss
2026-04-21 13:52:22.916 | INFO     | indexer:load:217 | Loaded FAISS index: 12 vectors from C:\Users\turvi\Downloads\NLP\iqas\models\faiss_index\index.faiss
2026-04-21 13:52:29.203 | INFO     | embedder:__init__:43 | Loaded embedding model: sentence-transformers/all-MiniLM-L6-v2 (dim=384)
2026-04-21 13:52:29.208 | INFO     | retriever:__init__:90 | Initialized HybridRetriever with 12 chunks
2026-04-21 13:52:29.208 | INFO     | pipeline:load_index:303 | Loaded index with 12 chunks
2026-04-21 13:52:29.734 | INFO     | embedder:__init__:43 | Loaded embedding model: sentence-transformers/all-MiniLM-L6-v2 (dim=384)
2026-04-21 13:52:29.739 | INFO     | retriever:__init__:90 | Initialized HybridRetriever with 12 chunks
2026-04-21 13:52:29.739 | INFO     | pipeline:load_index:303 | Loaded index with 12 chunks
2026-04-21 13:52:31.270 | INFO     | embedder:__init__:43 | Loaded embedding model: sentence-transformers/all-MiniLM-L6-v2 (dim=384)
2026-04-21 13:52:31.275 | INFO     | retriever:__init__:90 | Initialized HybridRetriever with 12 chunks
2026-04-21 13:52:31.276 | INFO     | pipeline:load_index:303 | Loaded index with 12 chunks
2026-04-21 14:01:46.847 | INFO     | document_loader:load_pdf:88 | Loaded PDF: 1. nlp text book-252-257.pdf (6 pages, 0 with text)
2026-04-21 14:01:46.855 | INFO     | document_loader:load_pdf:88 | Loaded PDF: 1. nlp text book-252-257.pdf (6 pages, 0 with text)
2026-04-21 14:01:52.661 | INFO     | document_loader:load_pdf:88 | Loaded PDF: 1. nlp text book-252-257.pdf (6 pages, 0 with text)
2026-04-21 14:01:52.668 | INFO     | document_loader:load_pdf:88 | Loaded PDF: 1. nlp text book-252-257.pdf (6 pages, 0 with text)
2026-04-21 14:01:52.681 | INFO     | document_loader:load_pdf:88 | Loaded PDF: 1. nlp text book-252-257.pdf (6 pages, 0 with text)
2026-04-21 14:01:52.682 | INFO     | document_loader:batch_load:211 | Batch loaded 0 document sections from 1 files
2026-04-21 14:02:07.332 | INFO     | document_loader:load_pdf:88 | Loaded PDF: 1. nlp text book-252-257.pdf (6 pages, 0 with text)
2026-04-21 14:02:07.340 | INFO     | document_loader:load_pdf:88 | Loaded PDF: 1. nlp text book-252-257.pdf (6 pages, 0 with text)
2026-04-21 14:02:07.353 | INFO     | document_loader:load_pdf:88 | Loaded PDF: 1. nlp text book-252-257.pdf (6 pages, 0 with text)
2026-04-21 14:02:07.356 | INFO     | document_loader:batch_load:211 | Batch loaded 0 document sections from 1 files
2026-04-21 14:02:25.757 | INFO     | document_loader:load_pdf:88 | Loaded PDF: 1. nlp text book-252-257.pdf (6 pages, 0 with text)
2026-04-21 14:02:25.765 | INFO     | document_loader:load_pdf:88 | Loaded PDF: 1. nlp text book-252-257.pdf (6 pages, 0 with text)
2026-04-21 14:02:25.777 | INFO     | document_loader:load_pdf:88 | Loaded PDF: 1. nlp text book-252-257.pdf (6 pages, 0 with text)
2026-04-21 14:02:25.778 | INFO     | document_loader:batch_load:211 | Batch loaded 0 document sections from 1 files
2026-04-21 14:02:51.517 | INFO     | indexer:load:217 | Loaded FAISS index: 12 vectors from C:\Users\turvi\Downloads\NLP\iqas\models\faiss_index\index.faiss
2026-04-21 14:03:00.443 | INFO     | embedder:__init__:43 | Loaded embedding model: sentence-transformers/all-MiniLM-L6-v2 (dim=384)
2026-04-21 14:03:00.450 | INFO     | retriever:__init__:90 | Initialized HybridRetriever with 12 chunks
2026-04-21 14:03:00.450 | INFO     | pipeline:load_index:303 | Loaded index with 12 chunks
2026-04-21 14:03:16.624 | INFO     | document_loader:load_pdf:88 | Loaded PDF: Conference_Paper.pdf (6 pages, 6 with text)
2026-04-21 14:03:16.681 | INFO     | document_loader:load_pdf:88 | Loaded PDF: Conference_Paper.pdf (6 pages, 6 with text)
2026-04-21 14:03:21.894 | INFO     | tokenizer:__init__:39 | Loaded spaCy model: en_core_web_sm
2026-04-21 14:03:46.972 | INFO     | document_loader:load_pdf:88 | Loaded PDF: Conference_Paper.pdf (6 pages, 6 with text)
2026-04-21 14:03:47.027 | INFO     | document_loader:load_pdf:88 | Loaded PDF: Conference_Paper.pdf (6 pages, 6 with text)
2026-04-21 14:03:48.172 | INFO     | document_loader:load_pdf:88 | Loaded PDF: Conference_Paper.pdf (6 pages, 6 with text)
2026-04-21 14:03:48.228 | INFO     | document_loader:load_pdf:88 | Loaded PDF: Conference_Paper.pdf (6 pages, 6 with text)
2026-04-21 14:03:48.692 | INFO     | document_loader:load_pdf:88 | Loaded PDF: Conference_Paper.pdf (6 pages, 6 with text)
2026-04-21 14:03:48.693 | INFO     | document_loader:batch_load:211 | Batch loaded 6 document sections from 1 files
2026-04-21 14:03:48.695 | INFO     | pipeline:ingest_documents:159 | Loaded 6 document sections
2026-04-21 14:03:49.934 | DEBUG    | chunker:chunk_by_sentence:240 | Sentence chunking: 2 chunks from 27 sentences
2026-04-21 14:03:49.935 | DEBUG    | chunker:chunk_by_paragraph:330 | Paragraph chunking: 2 chunks from 1 paragraphs
2026-04-21 14:03:50.188 | DEBUG    | chunker:chunk_by_sentence:240 | Sentence chunking: 2 chunks from 36 sentences
2026-04-21 14:03:50.188 | DEBUG    | chunker:chunk_by_paragraph:330 | Paragraph chunking: 2 chunks from 1 paragraphs
2026-04-21 14:03:50.188 | DEBUG    | chunker:chunk_by_paragraph:330 | Paragraph chunking: 1 chunks from 3 paragraphs
2026-04-21 14:03:50.397 | DEBUG    | chunker:chunk_by_sentence:240 | Sentence chunking: 2 chunks from 34 sentences
2026-04-21 14:03:50.397 | DEBUG    | chunker:chunk_by_paragraph:330 | Paragraph chunking: 2 chunks from 1 paragraphs
2026-04-21 14:03:50.588 | DEBUG    | chunker:chunk_by_sentence:240 | Sentence chunking: 2 chunks from 30 sentences
2026-04-21 14:03:50.589 | DEBUG    | chunker:chunk_by_paragraph:330 | Paragraph chunking: 2 chunks from 1 paragraphs
2026-04-21 14:03:50.885 | DEBUG    | chunker:chunk_by_sentence:240 | Sentence chunking: 2 chunks from 76 sentences
2026-04-21 14:03:50.885 | DEBUG    | chunker:chunk_by_paragraph:330 | Paragraph chunking: 2 chunks from 1 paragraphs
2026-04-21 14:03:50.885 | INFO     | pipeline:ingest_documents:186 | Generated 11 chunks using 'paragraph' strategy
2026-04-21 14:03:50.888 | WARNING  | embedder:embed_and_cache:124 | Cache size mismatch (12 vs 11) — recomputing
2026-04-21 14:03:50.889 | INFO     | embedder:embed_and_cache:130 | Computing embeddings for 11 texts...
2026-04-21 14:03:51.569 | INFO     | embedder:embed_and_cache:136 | Saved embeddings cache to C:\Users\turvi\Downloads\NLP\iqas\models\embeddings_cache\embeddings.npy
2026-04-21 14:03:51.569 | INFO     | pipeline:ingest_documents:212 | Computed embeddings: shape (11, 384)
2026-04-21 14:03:51.574 | INFO     | indexer:build:81 | Built FAISS FlatIP index: 11 vectors, dim=384
2026-04-21 14:03:51.579 | INFO     | indexer:save:188 | Saved FAISS index (11 vectors) to C:\Users\turvi\Downloads\NLP\iqas\models\faiss_index\index.faiss
2026-04-21 14:03:51.582 | INFO     | retriever:__init__:90 | Initialized HybridRetriever with 11 chunks
2026-04-21 14:03:51.585 | INFO     | pipeline:ingest_documents:240 | Ingestion complete: 1 docs, 11 chunks in 2.94s
2026-04-21 14:04:34.340 | INFO     | document_loader:load_pdf:88 | Loaded PDF: Conference_Paper.pdf (6 pages, 6 with text)
2026-04-21 14:04:34.404 | INFO     | document_loader:load_pdf:88 | Loaded PDF: Conference_Paper.pdf (6 pages, 6 with text)
2026-04-21 14:04:36.489 | INFO     | document_loader:load_pdf:88 | Loaded PDF: Conference_Paper.pdf (6 pages, 6 with text)
2026-04-21 14:04:36.549 | INFO     | document_loader:load_pdf:88 | Loaded PDF: Conference_Paper.pdf (6 pages, 6 with text)
2026-04-21 14:04:37.940 | INFO     | document_loader:load_pdf:88 | Loaded PDF: Conference_Paper.pdf (6 pages, 6 with text)
2026-04-21 14:04:38.006 | INFO     | document_loader:load_pdf:88 | Loaded PDF: Conference_Paper.pdf (6 pages, 6 with text)
2026-04-21 14:04:38.485 | INFO     | document_loader:load_pdf:88 | Loaded PDF: Conference_Paper.pdf (6 pages, 6 with text)
2026-04-21 14:04:38.486 | INFO     | document_loader:batch_load:211 | Batch loaded 6 document sections from 1 files
2026-04-21 14:04:38.487 | INFO     | pipeline:ingest_documents:159 | Loaded 6 document sections
2026-04-21 14:04:38.513 | DEBUG    | chunker:chunk_fixed:145 | Fixed chunking: 2 chunks from 661 words
2026-04-21 14:04:38.515 | DEBUG    | chunker:chunk_fixed:145 | Fixed chunking: 2 chunks from 685 words
2026-04-21 14:04:38.515 | DEBUG    | chunker:chunk_fixed:145 | Fixed chunking: 1 chunks from 404 words
2026-04-21 14:04:38.516 | DEBUG    | chunker:chunk_fixed:145 | Fixed chunking: 2 chunks from 601 words
2026-04-21 14:04:38.516 | DEBUG    | chunker:chunk_fixed:145 | Fixed chunking: 2 chunks from 626 words
2026-04-21 14:04:38.518 | DEBUG    | chunker:chunk_fixed:145 | Fixed chunking: 2 chunks from 887 words
2026-04-21 14:04:38.519 | INFO     | pipeline:ingest_documents:186 | Generated 11 chunks using 'fixed' strategy
2026-04-21 14:04:38.524 | INFO     | embedder:embed_and_cache:121 | Loaded cached embeddings from C:\Users\turvi\Downloads\NLP\iqas\models\embeddings_cache\embeddings.npy
2026-04-21 14:04:38.525 | INFO     | pipeline:ingest_documents:212 | Computed embeddings: shape (11, 384)
2026-04-21 14:04:38.527 | INFO     | indexer:build:81 | Built FAISS FlatIP index: 11 vectors, dim=384
2026-04-21 14:04:38.532 | INFO     | indexer:save:188 | Saved FAISS index (11 vectors) to C:\Users\turvi\Downloads\NLP\iqas\models\faiss_index\index.faiss
2026-04-21 14:04:38.538 | INFO     | retriever:__init__:90 | Initialized HybridRetriever with 11 chunks
2026-04-21 14:04:38.540 | INFO     | pipeline:ingest_documents:240 | Ingestion complete: 1 docs, 11 chunks in 0.09s
2026-04-21 14:05:47.128 | INFO     | retriever:retrieve:283 | Retrieving for query: 'what is the accuracy...'
2026-04-21 14:05:47.164 | DEBUG    | retriever:retrieve:289 | Dense: 11 results, BM25: 11 results
2026-04-21 14:05:47.165 | DEBUG    | retriever:retrieve:295 | Fused: 10 candidates for re-ranking
2026-04-21 14:06:24.249 | INFO     | retriever:_get_reranker:102 | Loaded cross-encoder: cross-encoder/ms-marco-MiniLM-L-6-v2
2026-04-21 14:06:25.035 | INFO     | retriever:retrieve:300 | Retrieved 5 final passages
2026-04-21 14:06:25.079 | INFO     | answer_extractor:extract_answer:106 | Question type: DEFINE
2026-04-21 14:06:25.578 | INFO     | pipeline:ask:278 | Answer: confidence=0.000, source=Conference_Paper.pdf, type=DEFINE
2026-04-21 14:07:12.441 | INFO     | indexer:load:217 | Loaded FAISS index: 11 vectors from C:\Users\turvi\Downloads\NLP\iqas\models\faiss_index\index.faiss
2026-04-21 14:07:20.086 | INFO     | embedder:__init__:43 | Loaded embedding model: sentence-transformers/all-MiniLM-L6-v2 (dim=384)
2026-04-21 14:07:20.090 | INFO     | retriever:__init__:90 | Initialized HybridRetriever with 11 chunks
2026-04-21 14:07:20.091 | INFO     | pipeline:load_index:303 | Loaded index with 11 chunks
2026-04-21 14:44:20.900 | INFO     | indexer:load:217 | Loaded FAISS index: 11 vectors from C:\Users\turvi\Downloads\NLP\iqas\models\faiss_index\index.faiss
2026-04-21 17:05:54.808 | INFO     | indexer:load:217 | Loaded FAISS index: 11 vectors from C:\Users\turvi\Downloads\NLP\iqas\models\faiss_index\index.faiss
2026-04-22 00:48:12.928 | INFO     | tokenizer:__init__:39 | Loaded spaCy model: en_core_web_sm
2026-04-22 00:48:28.716 | INFO     | tokenizer:__init__:39 | Loaded spaCy model: en_core_web_sm
2026-04-22 00:50:05.146 | INFO     | indexer:load:217 | Loaded FAISS index: 11 vectors from C:\Users\turvi\Downloads\NLP\iqas\models\faiss_index\index.faiss
2026-04-22 00:50:54.444 | INFO     | embedder:__init__:43 | Loaded embedding model: sentence-transformers/all-MiniLM-L6-v2 (dim=384)
2026-04-22 00:50:54.448 | INFO     | retriever:__init__:90 | Initialized HybridRetriever with 11 chunks
2026-04-22 00:50:54.448 | INFO     | pipeline:load_index:303 | Loaded index with 11 chunks
2026-04-22 00:51:36.119 | INFO     | tokenizer:__init__:39 | Loaded spaCy model: en_core_web_sm
2026-04-22 05:48:34.532 | INFO     | indexer:load:217 | Loaded FAISS index: 11 vectors from C:\Users\turvi\Downloads\NLP\iqas\models\faiss_index\index.faiss
2026-04-22 05:49:09.760 | INFO     | embedder:__init__:43 | Loaded embedding model: sentence-transformers/all-MiniLM-L6-v2 (dim=384)
2026-04-22 05:49:09.768 | INFO     | retriever:__init__:90 | Initialized HybridRetriever with 11 chunks
2026-04-22 05:49:09.769 | INFO     | pipeline:load_index:303 | Loaded index with 11 chunks
2026-04-22 05:49:57.828 | INFO     | document_loader:load_pdf:88 | Loaded PDF: Conference_Paper.pdf (6 pages, 6 with text)
2026-04-22 05:49:57.876 | INFO     | document_loader:load_pdf:88 | Loaded PDF: Conference_Paper.pdf (6 pages, 6 with text)
2026-04-22 05:50:01.828 | INFO     | tokenizer:__init__:39 | Loaded spaCy model: en_core_web_sm
2026-04-22 05:50:28.605 | INFO     | retriever:retrieve:283 | Retrieving for query: 'regarding results...'
2026-04-22 05:50:28.849 | DEBUG    | retriever:retrieve:289 | Dense: 11 results, BM25: 5 results
2026-04-22 05:50:28.849 | DEBUG    | retriever:retrieve:295 | Fused: 10 candidates for re-ranking
2026-04-22 05:50:38.210 | INFO     | retriever:_get_reranker:102 | Loaded cross-encoder: cross-encoder/ms-marco-MiniLM-L-6-v2
2026-04-22 05:50:39.063 | INFO     | retriever:retrieve:300 | Retrieved 5 final passages
2026-04-22 05:50:39.093 | INFO     | answer_extractor:extract_answer:106 | Question type: OTHER
2026-04-22 05:50:39.356 | INFO     | pipeline:ask:278 | Answer: confidence=0.000, source=Conference_Paper.pdf, type=OTHER
2026-04-22 06:08:07.454 | INFO     | indexer:load:217 | Loaded FAISS index: 11 vectors from C:\Users\turvi\Downloads\NLP\iqas\models\faiss_index\index.faiss
2026-04-22 06:09:28.796 | INFO     | indexer:load:217 | Loaded FAISS index: 11 vectors from C:\Users\turvi\Downloads\NLP\iqas\models\faiss_index\index.faiss
2026-04-22 06:09:57.023 | INFO     | indexer:load:217 | Loaded FAISS index: 11 vectors from C:\Users\turvi\Downloads\NLP\iqas\models\faiss_index\index.faiss
2026-04-22 09:09:12.508 | INFO     | indexer:load:217 | Loaded FAISS index: 11 vectors from C:\Users\turvi\Downloads\NLP\iqas\models\faiss_index\index.faiss
2026-04-22 09:12:24.907 | INFO     | indexer:load:217 | Loaded FAISS index: 11 vectors from C:\Users\turvi\Downloads\NLP\iqas\models\faiss_index\index.faiss
2026-04-22 09:13:03.436 | INFO     | embedder:__init__:43 | Loaded embedding model: sentence-transformers/all-MiniLM-L6-v2 (dim=384)
2026-04-22 09:13:03.442 | INFO     | retriever:__init__:90 | Initialized HybridRetriever with 11 chunks
2026-04-22 09:13:03.443 | INFO     | pipeline:load_index:303 | Loaded index with 11 chunks
2026-04-22 09:13:21.401 | INFO     | document_loader:load_pdf:88 | Loaded PDF: Conference_Paper.pdf (6 pages, 6 with text)
2026-04-22 09:13:21.455 | INFO     | document_loader:load_pdf:88 | Loaded PDF: Conference_Paper.pdf (6 pages, 6 with text)
2026-04-22 09:13:25.223 | INFO     | tokenizer:__init__:39 | Loaded spaCy model: en_core_web_sm
2026-04-22 09:13:28.167 | INFO     | document_loader:load_pdf:88 | Loaded PDF: Conference_Paper.pdf (6 pages, 6 with text)
2026-04-22 09:13:28.225 | INFO     | document_loader:load_pdf:88 | Loaded PDF: Conference_Paper.pdf (6 pages, 6 with text)
2026-04-22 09:13:28.748 | INFO     | document_loader:load_pdf:88 | Loaded PDF: Conference_Paper.pdf (6 pages, 6 with text)
2026-04-22 09:13:28.750 | INFO     | document_loader:batch_load:211 | Batch loaded 6 document sections from 1 files
2026-04-22 09:13:28.750 | INFO     | pipeline:ingest_documents:159 | Loaded 6 document sections
2026-04-22 09:13:30.234 | DEBUG    | chunker:chunk_by_sentence:240 | Sentence chunking: 2 chunks from 27 sentences
2026-04-22 09:13:30.460 | DEBUG    | chunker:chunk_by_sentence:240 | Sentence chunking: 2 chunks from 36 sentences
2026-04-22 09:13:30.574 | DEBUG    | chunker:chunk_by_sentence:240 | Sentence chunking: 2 chunks from 20 sentences
2026-04-22 09:13:30.780 | DEBUG    | chunker:chunk_by_sentence:240 | Sentence chunking: 2 chunks from 34 sentences
2026-04-22 09:13:30.969 | DEBUG    | chunker:chunk_by_sentence:240 | Sentence chunking: 2 chunks from 30 sentences
2026-04-22 09:13:31.255 | DEBUG    | chunker:chunk_by_sentence:240 | Sentence chunking: 3 chunks from 76 sentences
2026-04-22 09:13:31.256 | INFO     | pipeline:ingest_documents:186 | Generated 13 chunks using 'sentence' strategy
2026-04-22 09:13:31.266 | WARNING  | embedder:embed_and_cache:124 | Cache size mismatch (11 vs 13) — recomputing
2026-04-22 09:13:31.267 | INFO     | embedder:embed_and_cache:130 | Computing embeddings for 13 texts...
2026-04-22 09:13:31.949 | INFO     | embedder:embed_and_cache:136 | Saved embeddings cache to C:\Users\turvi\Downloads\NLP\iqas\models\embeddings_cache\embeddings.npy
2026-04-22 09:13:31.949 | INFO     | pipeline:ingest_documents:212 | Computed embeddings: shape (13, 384)
2026-04-22 09:13:31.952 | INFO     | indexer:build:81 | Built FAISS FlatIP index: 13 vectors, dim=384
2026-04-22 09:13:31.958 | INFO     | indexer:save:188 | Saved FAISS index (13 vectors) to C:\Users\turvi\Downloads\NLP\iqas\models\faiss_index\index.faiss
2026-04-22 09:13:31.963 | INFO     | retriever:__init__:90 | Initialized HybridRetriever with 13 chunks
2026-04-22 09:13:31.965 | INFO     | pipeline:ingest_documents:240 | Ingestion complete: 1 docs, 13 chunks in 3.26s
2026-04-22 09:42:04.827 | INFO     | document_loader:load_txt:120 | Loaded TXT: sample_nlp_notes.txt (6036 chars)
2026-04-22 09:42:04.828 | INFO     | document_loader:batch_load:211 | Batch loaded 1 document sections from 1 files
2026-04-22 09:42:04.830 | INFO     | pipeline:ingest_documents:159 | Loaded 1 document sections
2026-04-22 09:42:05.211 | DEBUG    | chunker:chunk_by_sentence:240 | Sentence chunking: 3 chunks from 46 sentences
2026-04-22 09:42:05.211 | INFO     | pipeline:ingest_documents:186 | Generated 3 chunks using 'sentence' strategy
2026-04-22 09:42:05.215 | WARNING  | embedder:embed_and_cache:124 | Cache size mismatch (13 vs 3) — recomputing
2026-04-22 09:42:05.216 | INFO     | embedder:embed_and_cache:130 | Computing embeddings for 3 texts...
2026-04-22 09:42:05.380 | INFO     | embedder:embed_and_cache:136 | Saved embeddings cache to C:\Users\turvi\Downloads\NLP\iqas\models\embeddings_cache\embeddings.npy
2026-04-22 09:42:05.381 | INFO     | pipeline:ingest_documents:212 | Computed embeddings: shape (3, 384)
2026-04-22 09:42:05.382 | INFO     | indexer:build:81 | Built FAISS FlatIP index: 3 vectors, dim=384
2026-04-22 09:42:05.386 | INFO     | indexer:save:188 | Saved FAISS index (3 vectors) to C:\Users\turvi\Downloads\NLP\iqas\models\faiss_index\index.faiss
2026-04-22 09:42:05.388 | INFO     | retriever:__init__:90 | Initialized HybridRetriever with 3 chunks
2026-04-22 09:42:05.391 | INFO     | pipeline:ingest_documents:240 | Ingestion complete: 1 docs, 3 chunks in 0.56s
2026-04-22 09:42:23.329 | INFO     | document_loader:load_pdf:88 | Loaded PDF: Conference_Paper.pdf (6 pages, 6 with text)
2026-04-22 09:42:23.409 | INFO     | document_loader:load_pdf:88 | Loaded PDF: Conference_Paper.pdf (6 pages, 6 with text)
2026-04-22 09:42:27.108 | INFO     | document_loader:load_pdf:88 | Loaded PDF: Conference_Paper.pdf (6 pages, 6 with text)
2026-04-22 09:42:27.185 | INFO     | document_loader:load_pdf:88 | Loaded PDF: Conference_Paper.pdf (6 pages, 6 with text)
2026-04-22 09:42:27.655 | INFO     | document_loader:load_pdf:88 | Loaded PDF: Conference_Paper.pdf (6 pages, 6 with text)
2026-04-22 09:42:27.655 | INFO     | document_loader:batch_load:211 | Batch loaded 6 document sections from 1 files
2026-04-22 09:42:27.656 | INFO     | pipeline:ingest_documents:159 | Loaded 6 document sections
2026-04-22 09:42:27.879 | DEBUG    | chunker:chunk_by_sentence:240 | Sentence chunking: 2 chunks from 27 sentences
2026-04-22 09:42:28.074 | DEBUG    | chunker:chunk_by_sentence:240 | Sentence chunking: 2 chunks from 36 sentences
2026-04-22 09:42:28.178 | DEBUG    | chunker:chunk_by_sentence:240 | Sentence chunking: 2 chunks from 20 sentences
2026-04-22 09:42:28.307 | DEBUG    | chunker:chunk_by_sentence:240 | Sentence chunking: 2 chunks from 34 sentences
2026-04-22 09:42:28.458 | DEBUG    | chunker:chunk_by_sentence:240 | Sentence chunking: 2 chunks from 30 sentences
2026-04-22 09:42:28.735 | DEBUG    | chunker:chunk_by_sentence:240 | Sentence chunking: 3 chunks from 76 sentences
2026-04-22 09:42:28.735 | INFO     | pipeline:ingest_documents:186 | Generated 13 chunks using 'sentence' strategy
2026-04-22 09:42:28.738 | WARNING  | embedder:embed_and_cache:124 | Cache size mismatch (3 vs 13) — recomputing
2026-04-22 09:42:28.739 | INFO     | embedder:embed_and_cache:130 | Computing embeddings for 13 texts...
2026-04-22 09:42:29.232 | INFO     | embedder:embed_and_cache:136 | Saved embeddings cache to C:\Users\turvi\Downloads\NLP\iqas\models\embeddings_cache\embeddings.npy
2026-04-22 09:42:29.232 | INFO     | pipeline:ingest_documents:212 | Computed embeddings: shape (13, 384)
2026-04-22 09:42:29.234 | INFO     | indexer:build:81 | Built FAISS FlatIP index: 13 vectors, dim=384
2026-04-22 09:42:29.238 | INFO     | indexer:save:188 | Saved FAISS index (13 vectors) to C:\Users\turvi\Downloads\NLP\iqas\models\faiss_index\index.faiss
2026-04-22 09:42:29.243 | INFO     | retriever:__init__:90 | Initialized HybridRetriever with 13 chunks
2026-04-22 09:42:29.244 | INFO     | pipeline:ingest_documents:240 | Ingestion complete: 1 docs, 13 chunks in 1.63s
2026-04-22 09:54:36.516 | INFO     | indexer:load:217 | Loaded FAISS index: 13 vectors from C:\Users\turvi\Downloads\NLP\iqas\models\faiss_index\index.faiss
2026-04-22 09:55:06.570 | INFO     | embedder:__init__:43 | Loaded embedding model: sentence-transformers/all-MiniLM-L6-v2 (dim=384)
2026-04-22 09:55:06.574 | INFO     | retriever:__init__:90 | Initialized HybridRetriever with 13 chunks
2026-04-22 09:55:06.575 | INFO     | pipeline:load_index:303 | Loaded index with 13 chunks
2026-04-22 09:56:42.911 | INFO     | indexer:load:217 | Loaded FAISS index: 13 vectors from C:\Users\turvi\Downloads\NLP\iqas\models\faiss_index\index.faiss
2026-04-22 09:56:52.909 | INFO     | embedder:__init__:43 | Loaded embedding model: sentence-transformers/all-MiniLM-L6-v2 (dim=384)
2026-04-22 09:56:52.914 | INFO     | retriever:__init__:90 | Initialized HybridRetriever with 13 chunks
2026-04-22 09:56:52.915 | INFO     | pipeline:load_index:303 | Loaded index with 13 chunks
2026-04-22 09:57:48.072 | INFO     | tokenizer:__init__:39 | Loaded spaCy model: en_core_web_sm
2026-04-22 10:00:46.940 | INFO     | indexer:load:217 | Loaded FAISS index: 13 vectors from C:\Users\turvi\Downloads\NLP\iqas\models\faiss_index\index.faiss
2026-04-22 10:01:52.960 | INFO     | embedder:__init__:43 | Loaded embedding model: sentence-transformers/all-MiniLM-L6-v2 (dim=384)
2026-04-22 10:01:52.964 | INFO     | retriever:__init__:90 | Initialized HybridRetriever with 13 chunks
2026-04-22 10:01:52.965 | INFO     | pipeline:load_index:303 | Loaded index with 13 chunks
2026-04-22 10:02:46.925 | INFO     | indexer:load:217 | Loaded FAISS index: 13 vectors from C:\Users\turvi\Downloads\NLP\iqas\models\faiss_index\index.faiss
2026-04-22 10:03:20.404 | INFO     | embedder:__init__:43 | Loaded embedding model: sentence-transformers/all-MiniLM-L6-v2 (dim=384)
2026-04-22 10:03:20.409 | INFO     | retriever:__init__:90 | Initialized HybridRetriever with 13 chunks
2026-04-22 10:03:20.410 | INFO     | pipeline:load_index:303 | Loaded index with 13 chunks
2026-04-22 14:31:12.110 | INFO     | indexer:load:217 | Loaded FAISS index: 13 vectors from C:\Users\turvi\Downloads\NLP\iqas\models\faiss_index\index.faiss
2026-04-22 14:31:20.262 | INFO     | embedder:__init__:43 | Loaded embedding model: sentence-transformers/all-MiniLM-L6-v2 (dim=384)
2026-04-22 14:31:20.273 | INFO     | retriever:__init__:90 | Initialized HybridRetriever with 13 chunks
2026-04-22 14:31:20.274 | INFO     | pipeline:load_index:303 | Loaded index with 13 chunks
2026-04-22 15:44:38.306 | INFO     | indexer:load:217 | Loaded FAISS index: 13 vectors from C:\Users\turvi\Downloads\NLP\iqas\models\faiss_index\index.faiss
2026-04-22 15:44:54.694 | INFO     | embedder:__init__:43 | Loaded embedding model: sentence-transformers/all-MiniLM-L6-v2 (dim=384)
2026-04-22 15:44:54.703 | INFO     | retriever:__init__:90 | Initialized HybridRetriever with 13 chunks
2026-04-22 15:44:54.705 | INFO     | pipeline:load_index:303 | Loaded index with 13 chunks
